# JRE version: Java(TM) SE Runtime Environment (11.0.2+9) (build 11.0.2+9-LTS)
# Java VM: Java HotSpot(TM) 64-Bit Server VM (11.0.2+9-LTS, mixed mode, tiered, compressed oops, g1 gc, windows-amd64)
Heap:
 garbage-first heap   total 198656K, used 191453K [0x0000000081c00000, 0x0000000100000000)
  region size 1024K, 7 young (7168K), 1 survivors (1024K)
 Metaspace       used 24462K, capacity 25211K, committed 25344K, reserved 1071104K
  class space    used 2738K, capacity 3057K, committed 3072K, reserved 1048576K
GC Heap History (10 events):
Event: 233.595 GC heap before
{Heap before GC invocations=196 (full 0):
 garbage-first heap   total 195584K, used 193056K [0x0000000081c00000, 0x0000000100000000)
  region size 1024K, 9 young (9216K), 1 survivors (1024K)
 Metaspace       used 24433K, capacity 25211K, committed 25344K, reserved 1071104K
  class space    used 2738K, capacity 3057K, committed 3072K, reserved 1048576K
}
Event: 233.597 GC heap after
{Heap after GC invocations=197 (full 0):
 garbage-first heap   total 196608K, used 187218K [0x0000000081c00000, 0x0000000100000000)
  region size 1024K, 2 young (2048K), 2 survivors (2048K)
 Metaspace       used 24433K, capacity 25211K, committed 25344K, reserved 1071104K
  class space    used 2738K, capacity 3057K, committed 3072K, reserved 1048576K
}
Event: 235.107 GC heap before
{Heap before GC invocations=197 (full 0):
 garbage-first heap   total 196608K, used 194386K [0x0000000081c00000, 0x0000000100000000)
  region size 1024K, 9 young (9216K), 2 survivors (2048K)
 Metaspace       used 24437K, capacity 25211K, committed 25344K, reserved 1071104K
  class space    used 2738K, capacity 3057K, committed 3072K, reserved 1048576K
}
Event: 235.109 GC heap after
{Heap after GC invocations=198 (full 0):
 garbage-first heap   total 198656K, used 188182K [0x0000000081c00000, 0x0000000100000000)
  region size 1024K, 1 young (1024K), 1 survivors (1024K)
 Metaspace       used 24437K, capacity 25211K, committed 25344K, reserved 1071104K
  class space    used 2738K, capacity 3057K, committed 3072K, reserved 1048576K
}
Event: 236.794 GC heap before
{Heap before GC invocations=198 (full 0):
 garbage-first heap   total 198656K, used 195350K [0x0000000081c00000, 0x0000000100000000)
  region size 1024K, 9 young (9216K), 1 survivors (1024K)
 Metaspace       used 24437K, capacity 25211K, committed 25344K, reserved 1071104K
  class space    used 2738K, capacity 3057K, committed 3072K, reserved 1048576K
}
Event: 236.796 GC heap after
{Heap after GC invocations=199 (full 0):
 garbage-first heap   total 198656K, used 189073K [0x0000000081c00000, 0x0000000100000000)
  region size 1024K, 2 young (2048K), 2 survivors (2048K)
 Metaspace       used 24437K, capacity 25211K, committed 25344K, reserved 1071104K
  class space    used 2738K, capacity 3057K, committed 3072K, reserved 1048576K
}
Event: 238.931 GC heap before
{Heap before GC invocations=200 (full 0):
 garbage-first heap   total 198656K, used 196241K [0x0000000081c00000, 0x0000000100000000)
  region size 1024K, 9 young (9216K), 2 survivors (2048K)
 Metaspace       used 24437K, capacity 25211K, committed 25344K, reserved 1071104K
  class space    used 2738K, capacity 3057K, committed 3072K, reserved 1048576K
}
Event: 238.932 GC heap after
{Heap after GC invocations=201 (full 0):
 garbage-first heap   total 198656K, used 189021K [0x0000000081c00000, 0x0000000100000000)
  region size 1024K, 1 young (1024K), 1 survivors (1024K)
 Metaspace       used 24437K, capacity 25211K, committed 25344K, reserved 1071104K
  class space    used 2738K, capacity 3057K, committed 3072K, reserved 1048576K
}
Event: 241.827 GC heap before
{Heap before GC invocations=201 (full 0):
 garbage-first heap   total 198656K, used 197213K [0x0000000081c00000, 0x0000000100000000)
  region size 1024K, 9 young (9216K), 1 survivors (1024K)
 Metaspace       used 24437K, capacity 25211K, committed 25344K, reserved 1071104K
  class space    used 2738K, capacity 3057K, committed 3072K, reserved 1048576K
}
Event: 241.829 GC heap after
{Heap after GC invocations=202 (full 0):
 garbage-first heap   total 198656K, used 186333K [0x0000000081c00000, 0x0000000100000000)
  region size 1024K, 1 young (1024K), 1 survivors (1024K)
 Metaspace       used 24437K, capacity 25211K, committed 25344K, reserved 1071104K
  class space    used 2738K, capacity 3057K, committed 3072K, reserved 1048576K
}

