# JRE version: Java(TM) SE Runtime Environment (11.0.2+9) (build 11.0.2+9-LTS)
# Java VM: Java HotSpot(TM) 64-Bit Server VM (11.0.2+9-LTS, mixed mode, tiered, compressed oops, g1 gc, windows-amd64)
Heap:
 garbage-first heap   total 131072K, used 123485K [0x0000000081c00000, 0x0000000100000000)
  region size 1024K, 2 young (2048K), 1 survivors (1024K)
 Metaspace       used 25488K, capacity 26342K, committed 26368K, reserved 1073152K
  class space    used 2973K, capacity 3322K, committed 3328K, reserved 1048576K
GC Heap History (10 events):
Event: 86.008 GC heap before
{Heap before GC invocations=96 (full 0):
 garbage-first heap   total 131072K, used 113191K [0x0000000081c00000, 0x0000000100000000)
  region size 1024K, 3 young (3072K), 1 survivors (1024K)
 Metaspace       used 25475K, capacity 26278K, committed 26368K, reserved 1073152K
  class space    used 2973K, capacity 3322K, committed 3328K, reserved 1048576K
}
Event: 86.009 GC heap after
{Heap after GC invocations=97 (full 0):
 garbage-first heap   total 131072K, used 112186K [0x0000000081c00000, 0x0000000100000000)
  region size 1024K, 1 young (1024K), 1 survivors (1024K)
 Metaspace       used 25475K, capacity 26278K, committed 26368K, reserved 1073152K
  class space    used 2973K, capacity 3322K, committed 3328K, reserved 1048576K
}
Event: 86.037 GC heap before
{Heap before GC invocations=98 (full 0):
 garbage-first heap   total 131072K, used 120378K [0x0000000081c00000, 0x0000000100000000)
  region size 1024K, 2 young (2048K), 1 survivors (1024K)
 Metaspace       used 25475K, capacity 26278K, committed 26368K, reserved 1073152K
  class space    used 2973K, capacity 3322K, committed 3328K, reserved 1048576K
}
Event: 86.039 GC heap after
{Heap after GC invocations=99 (full 0):
 garbage-first heap   total 131072K, used 118336K [0x0000000081c00000, 0x0000000100000000)
  region size 1024K, 1 young (1024K), 1 survivors (1024K)
 Metaspace       used 25475K, capacity 26278K, committed 26368K, reserved 1073152K
  class space    used 2973K, capacity 3322K, committed 3328K, reserved 1048576K
}
Event: 86.133 GC heap before
{Heap before GC invocations=100 (full 0):
 garbage-first heap   total 131072K, used 126528K [0x0000000081c00000, 0x0000000100000000)
  region size 1024K, 5 young (5120K), 1 survivors (1024K)
 Metaspace       used 25479K, capacity 26278K, committed 26368K, reserved 1073152K
  class space    used 2973K, capacity 3322K, committed 3328K, reserved 1048576K
}
Event: 86.134 GC heap after
{Heap after GC invocations=101 (full 0):
 garbage-first heap   total 131072K, used 107080K [0x0000000081c00000, 0x0000000100000000)
  region size 1024K, 1 young (1024K), 1 survivors (1024K)
 Metaspace       used 25479K, capacity 26278K, committed 26368K, reserved 1073152K
  class space    used 2973K, capacity 3322K, committed 3328K, reserved 1048576K
}
Event: 86.159 GC heap before
{Heap before GC invocations=102 (full 0):
 garbage-first heap   total 131072K, used 114248K [0x0000000081c00000, 0x0000000100000000)
  region size 1024K, 4 young (4096K), 1 survivors (1024K)
 Metaspace       used 25479K, capacity 26278K, committed 26368K, reserved 1073152K
  class space    used 2973K, capacity 3322K, committed 3328K, reserved 1048576K
}
Event: 86.160 GC heap after
{Heap after GC invocations=103 (full 0):
 garbage-first heap   total 131072K, used 112204K [0x0000000081c00000, 0x0000000100000000)
  region size 1024K, 1 young (1024K), 1 survivors (1024K)
 Metaspace       used 25479K, capacity 26278K, committed 26368K, reserved 1073152K
  class space    used 2973K, capacity 3322K, committed 3328K, reserved 1048576K
}
Event: 86.186 GC heap before
{Heap before GC invocations=104 (full 0):
 garbage-first heap   total 131072K, used 120396K [0x0000000081c00000, 0x0000000100000000)
  region size 1024K, 2 young (2048K), 1 survivors (1024K)
 Metaspace       used 25484K, capacity 26278K, committed 26368K, reserved 1073152K
  class space    used 2973K, capacity 3322K, committed 3328K, reserved 1048576K
}
Event: 86.187 GC heap after
{Heap after GC invocations=105 (full 0):
 garbage-first heap   total 131072K, used 118365K [0x0000000081c00000, 0x0000000100000000)
  region size 1024K, 1 young (1024K), 1 survivors (1024K)
 Metaspace       used 25484K, capacity 26278K, committed 26368K, reserved 1073152K
  class space    used 2973K, capacity 3322K, committed 3328K, reserved 1048576K
}

